<?xml version="1.0" encoding="UTF-8"?>
<!-- Generated by org.testng.reporters.JUnitXMLReporter -->
<testsuite ignored="6" hostname="swastik" failures="1" tests="4" name="TestFirefox" time="176.972" errors="0" timestamp="2023-03-25T03:21:46 IST">
  <testcase classname="Test.ActitimeLoginLogout" name="loginlogout" time="11.309"/>
  <testcase classname="Test.ActitimeTypeOfWork" name="ActitimeCreateTypeOfWork" time="31.994"/>
  <testcase classname="Test.DeleteTypeofWork" name="deletetypeofwork" time="25.69"/>
  <testcase classname="Test.ActitimeCreateCustomer" name="createcustomer" time="16.368">
    <failure type="org.openqa.selenium.NoSuchElementException" message="Unable to locate element: //div[.=&amp;apos;Add New&amp;apos;]
For documentation on this error, please visit: https://selenium.dev/exceptions/#no_such_element
Build info: version: &amp;apos;4.7.0&amp;apos;, revision: &amp;apos;52e3a49ea2&amp;apos;
System info: os.name: &amp;apos;Windows 11&amp;apos;, os.arch: &amp;apos;amd64&amp;apos;, os.version: &amp;apos;10.0&amp;apos;, java.version: &amp;apos;19.0.1&amp;apos;
Driver info: org.openqa.selenium.firefox.FirefoxDriver
Command: [2b23242c-b6cd-4b78-a5ab-a6bd92b0c113, findElement {using=xpath, value=//div[.=&amp;apos;Add New&amp;apos;]}]
Capabilities {acceptInsecureCerts: true, browserName: firefox, browserVersion: 111.0.1, moz:accessibilityChecks: false, moz:buildID: 20230321111920, moz:debuggerAddress: 127.0.0.1:19443, moz:geckodriverVersion: 0.32.2, moz:headless: false, moz:platformVersion: 10.0, moz:processID: 2436, moz:profile: C:\Users\jagat\AppData\Loca..., moz:shutdownTimeout: 60000, moz:useNonSpecCompliantPointerOrigin: false, moz:webdriverClick: true, moz:windowless: false, pageLoadStrategy: normal, platformName: WINDOWS, proxy: Proxy(), se:cdp: ws://127.0.0.1:19443/devtoo..., se:cdpVersion: 85.0, setWindowRect: true, strictFileInteractability: false, timeouts: {implicit: 0, pageLoad: 300000, script: 30000}, unhandledPromptBehavior: dismiss and notify}
Session ID: 2b23242c-b6cd-4b78-a5ab-a6bd92b0c113">
      <![CDATA[org.openqa.selenium.NoSuchElementException: Unable to locate element: //div[.='Add New']
For documentation on this error, please visit: https://selenium.dev/exceptions/#no_such_element
Build info: version: '4.7.0', revision: '52e3a49ea2'
System info: os.name: 'Windows 11', os.arch: 'amd64', os.version: '10.0', java.version: '19.0.1'
Driver info: org.openqa.selenium.firefox.FirefoxDriver
Command: [2b23242c-b6cd-4b78-a5ab-a6bd92b0c113, findElement {using=xpath, value=//div[.='Add New']}]
Capabilities {acceptInsecureCerts: true, browserName: firefox, browserVersion: 111.0.1, moz:accessibilityChecks: false, moz:buildID: 20230321111920, moz:debuggerAddress: 127.0.0.1:19443, moz:geckodriverVersion: 0.32.2, moz:headless: false, moz:platformVersion: 10.0, moz:processID: 2436, moz:profile: C:\Users\jagat\AppData\Loca..., moz:shutdownTimeout: 60000, moz:useNonSpecCompliantPointerOrigin: false, moz:webdriverClick: true, moz:windowless: false, pageLoadStrategy: normal, platformName: WINDOWS, proxy: Proxy(), se:cdp: ws://127.0.0.1:19443/devtoo..., se:cdpVersion: 85.0, setWindowRect: true, strictFileInteractability: false, timeouts: {implicit: 0, pageLoad: 300000, script: 30000}, unhandledPromptBehavior: dismiss and notify}
Session ID: 2b23242c-b6cd-4b78-a5ab-a6bd92b0c113
at org.openqa.selenium.remote.codec.w3c.W3CHttpResponseCodec.createException(W3CHttpResponseCodec.java:200)
at org.openqa.selenium.remote.codec.w3c.W3CHttpResponseCodec.decode(W3CHttpResponseCodec.java:133)
at org.openqa.selenium.remote.codec.w3c.W3CHttpResponseCodec.decode(W3CHttpResponseCodec.java:53)
at org.openqa.selenium.remote.HttpCommandExecutor.execute(HttpCommandExecutor.java:184)
at org.openqa.selenium.remote.service.DriverCommandExecutor.invokeExecute(DriverCommandExecutor.java:167)
at org.openqa.selenium.remote.service.DriverCommandExecutor.execute(DriverCommandExecutor.java:142)
at org.openqa.selenium.remote.RemoteWebDriver.execute(RemoteWebDriver.java:541)
at org.openqa.selenium.remote.ElementLocation$ElementFinder$2.findElement(ElementLocation.java:162)
at org.openqa.selenium.remote.ElementLocation.findElement(ElementLocation.java:60)
at org.openqa.selenium.remote.RemoteWebDriver.findElement(RemoteWebDriver.java:365)
at org.openqa.selenium.remote.RemoteWebDriver.findElement(RemoteWebDriver.java:357)
at org.openqa.selenium.support.pagefactory.DefaultElementLocator.findElement(DefaultElementLocator.java:70)
at org.openqa.selenium.support.pagefactory.internal.LocatingElementHandler.invoke(LocatingElementHandler.java:39)
at jdk.proxy2/jdk.proxy2.$Proxy19.getWrappedElement(Unknown Source)
at org.openqa.selenium.remote.internal.WebElementToJsonConverter.apply(WebElementToJsonConverter.java:51)
at java.base/java.util.stream.ReferencePipeline$3$1.accept(ReferencePipeline.java:197)
at java.base/java.util.Spliterators$ArraySpliterator.forEachRemaining(Spliterators.java:1006)
at java.base/java.util.stream.AbstractPipeline.copyInto(AbstractPipeline.java:509)
at java.base/java.util.stream.AbstractPipeline.wrapAndCopyInto(AbstractPipeline.java:499)
at java.base/java.util.stream.ReduceOps$ReduceOp.evaluateSequential(ReduceOps.java:921)
at java.base/java.util.stream.AbstractPipeline.evaluate(AbstractPipeline.java:234)
at java.base/java.util.stream.ReferencePipeline.collect(ReferencePipeline.java:682)
at org.openqa.selenium.remote.RemoteWebDriver.executeScript(RemoteWebDriver.java:475)
at pom_class.AddNewTaskPage.addnewtaskmethod(AddNewTaskPage.java:28)
at Test.ActitimeCreateCustomer.createcustomer(ActitimeCreateCustomer.java:24)
at java.base/java.util.ArrayList.forEach(ArrayList.java:1511)
... Removed 28 stack frames]]>
    </failure>
  </testcase> <!-- createcustomer -->
  <testcase classname="Generic.BaseTest" name="@BeforeSuite executionStart" time="0.0">
    <ignored/>
  </testcase> <!-- @BeforeSuite executionStart -->
  <testcase classname="Generic.BaseTest" name="@BeforeSuite executionStart" time="0.0">
    <ignored/>
  </testcase> <!-- @BeforeSuite executionStart -->
  <testcase classname="Generic.BaseTest" name="@BeforeSuite executionStart" time="0.0">
    <ignored/>
  </testcase> <!-- @BeforeSuite executionStart -->
  <testcase classname="Generic.BaseTest" name="@AfterSuite executionComplete" time="0.0">
    <ignored/>
  </testcase> <!-- @AfterSuite executionComplete -->
  <testcase classname="Generic.BaseTest" name="@AfterSuite executionComplete" time="0.0">
    <ignored/>
  </testcase> <!-- @AfterSuite executionComplete -->
  <testcase classname="Generic.BaseTest" name="@AfterSuite executionComplete" time="0.0">
    <ignored/>
  </testcase> <!-- @AfterSuite executionComplete -->
</testsuite> <!-- TestFirefox -->
